<?xml version="1.0" encoding="UTF-8"?>
<!-- Generated by org.testng.reporters.JUnitReportReporter -->
<testsuite hostname="DESKTOP-NKSQIDG" failures="0" tests="2" name="com.testcases.TC01_HRM_Loginpage_with_valid_credentials" time="8.778" errors="0" timestamp="12 Feb 2021 06:01:14 GMT" skipped="0">
  <testcase classname="com.testcases.TC01_HRM_Loginpage_with_valid_credentials" name="login_with_invalid_credentials" time="3.908"/>
  <testcase classname="com.testcases.TC01_HRM_Loginpage_with_valid_credentials" name="login_with_valid_credentials" time="4.870"/>
</testsuite> <!-- com.testcases.TC01_HRM_Loginpage_with_valid_credentials -->
